#
# There is insufficient memory for the Java Runtime Environment to continue.
# Native memory allocation (mmap) failed to map 4161536 bytes. Error detail: G1 virtual space
# Possible reasons:
#   The system is out of physical RAM or swap space
#   This process is running with CompressedOops enabled, and the Java Heap may be blocking the growth of the native heap
# Possible solutions:
#   Reduce memory load on the system
#   Increase physical memory or swap space
#   Check if swap backing store is full
#   Decrease Java heap size (-Xmx/-Xms)
#   Decrease number of Java threads
#   Decrease Java thread stack sizes (-Xss)
#   Set larger code cache with -XX:ReservedCodeCacheSize=
#   JVM is running with Zero Based Compressed Oops mode in which the Java heap is
#     placed in the first 32GB address space. The Java Heap base address is the
#     maximum limit for the native heap growth. Please use -XX:HeapBaseMinAddress
#     to set the Java Heap base and to place the Java Heap above 32GB virtual address.
# This output file may be truncated or incomplete.
#
#  Out of Memory Error (os_windows.cpp:3618), pid=30860, tid=31824
#
# JRE version:  (17.0.18+9) (build )
# Java VM: OpenJDK 64-Bit Server VM (17.0.18+9-LTS, mixed mode, sharing, tiered, compressed oops, compressed class ptrs, g1 gc, windows-amd64)
# No core dump will be written. Minidumps are not enabled by default on client versions of Windows
#

---------------  S U M M A R Y ------------

Command Line: --module-path=C:\Users\Huawei\.m2\repository\org\openjfx\javafx-base\17.0.6\javafx-base-17.0.6-win.jar;C:\Users\Huawei\.m2\repository\org\openjfx\javafx-base\17.0.6\javafx-base-17.0.6.jar;C:\Users\Huawei\.m2\repository\org\openjfx\javafx-controls\17.0.6\javafx-controls-17.0.6-win.jar;C:\Users\Huawei\.m2\repository\org\openjfx\javafx-controls\17.0.6\javafx-controls-17.0.6.jar;C:\Users\Huawei\.m2\repository\org\openjfx\javafx-fxml\17.0.6\javafx-fxml-17.0.6-win.jar;C:\Users\Huawei\.m2\repository\org\openjfx\javafx-fxml\17.0.6\javafx-fxml-17.0.6.jar;C:\Users\Huawei\.m2\repository\org\openjfx\javafx-graphics\17.0.6\javafx-graphics-17.0.6-win.jar;C:\Users\Huawei\.m2\repository\org\openjfx\javafx-graphics\17.0.6\javafx-graphics-17.0.6.jar --add-modules=javafx.base,javafx.controls,javafx.fxml,javafx.graphics tn.esprit.MainApp

Host: Intel(R) Core(TM) i7-10510U CPU @ 1.80GHz, 8 cores, 15G,  Windows 11 , 64 bit Build 26100 (10.0.26100.7019)
Time: Mon Apr 13 11:28:10 2026 Afr. centrale Ouest elapsed time: 0.016925 seconds (0d 0h 0m 0s)

---------------  T H R E A D  ---------------

Current thread (0x0000022d3cdbe130):  JavaThread "Unknown thread" [_thread_in_vm, id=31824, stack(0x000000755fc00000,0x000000755fd00000)]

Stack: [0x000000755fc00000,0x000000755fd00000]
Native frames: (J=compiled Java code, j=interpreted, Vv=VM code, C=native code)
V  [jvm.dll+0x68b3f9]
V  [jvm.dll+0x841779]
V  [jvm.dll+0x8434e8]
V  [jvm.dll+0x843b73]
V  [jvm.dll+0x24ce4f]
V  [jvm.dll+0x688259]
V  [jvm.dll+0x67d26a]
V  [jvm.dll+0x30d1b0]
V  [jvm.dll+0x30d052]
V  [jvm.dll+0x3145a9]
V  [jvm.dll+0x36697e]
V  [jvm.dll+0x366b9d]
V  [jvm.dll+0x2e42ca]
V  [jvm.dll+0x2e51c8]
V  [jvm.dll+0x81453e]
V  [jvm.dll+0x3745d1]
V  [jvm.dll+0x7f2b85]
V  [jvm.dll+0x3fa38b]
V  [jvm.dll+0x3fbfc1]
C  [jli.dll+0x52f0]
C  [ucrtbase.dll+0x37b0]
C  [KERNEL32.DLL+0x2e8d7]
C  [ntdll.dll+0x8c53c]


---------------  P R O C E S S  ---------------

Threads class SMR info:
_java_thread_list=0x00007ffb7d8f0f58, length=0, elements={
}

Java Threads: ( => current thread )

Other Threads:
  0x0000022d3ce2ce40 GCTaskThread "GC Thread#0" [stack: 0x000000755fd00000,0x000000755fe00000] [id=26320]
  0x0000022d3ce3db10 ConcurrentGCThread "G1 Main Marker" [stack: 0x000000755fe00000,0x000000755ff00000] [id=8500]
  0x0000022d3ce40a80 ConcurrentGCThread "G1 Conc#0" [stack: 0x000000755ff00000,0x0000007560000000] [id=25824]

[error occurred during error reporting (printing all threads), id 0xc0000005, EXCEPTION_ACCESS_VIOLATION (0xc0000005) at pc=0x00007ffb7d0a4db7]

VM state: not at safepoint (not fully initialized)

VM Mutex/Monitor currently owned by a thread:  ([mutex/lock_event])
[0x0000022d3cdb91b0] Heap_lock - owner thread: 0x0000022d3cdbe130

Heap address: 0x0000000702800000, size: 4056 MB, Compressed Oops mode: Zero based, Oop shift amount: 3

CDS archive(s) mapped at: [0x0000000000000000-0x0000000000000000-0x0000000000000000), size 0, SharedBaseAddress: 0x0000000800000000, ArchiveRelocationMode: 1.
Narrow klass base: 0x0000000000000000, Narrow klass shift: 0, Narrow klass range: 0x0

GC Precious Log:
<Empty>

Heap:
 garbage-first heap   total 0K, used 0K [0x0000000702800000, 0x0000000800000000)
  region size 2048K, 0 young (0K), 0 survivors (0K)

[error occurred during error reporting (printing heap information), id 0xc0000005, EXCEPTION_ACCESS_VIOLATION (0xc0000005) at pc=0x00007ffb7d494989]

GC Heap History (0 events):
No events

Dll operation events (1 events):
Event: 0.007 Loaded shared library C:\Users\Huawei\.jdks\corretto-17.0.18\bin\java.dll

Deoptimization events (0 events):
No events

Classes loaded (0 events):
No events

Classes unloaded (0 events):
No events

Classes redefined (0 events):
No events

Internal exceptions (0 events):
No events

VM Operations (0 events):
No events

Memory protections (0 events):
No events

Nmethod flushes (0 events):
No events

Events (0 events):
No events


Dynamic libraries:
0x00007ff697730000 - 0x00007ff69773e000 	C:\Users\Huawei\.jdks\corretto-17.0.18\bin\java.exe
0x00007ffc7ff20000 - 0x00007ffc80188000 	C:\WINDOWS\SYSTEM32\ntdll.dll
0x00007ffc3f930000 - 0x00007ffc3f950000 	C:\Program Files\Avast Software\Avast\aswhook.dll
0x00007ffc7e710000 - 0x00007ffc7e7d9000 	C:\WINDOWS\System32\KERNEL32.DLL
0x00007ffc7d810000 - 0x00007ffc7dc08000 	C:\WINDOWS\System32\KERNELBASE.dll
0x00007ffc7d690000 - 0x00007ffc7d7db000 	C:\WINDOWS\System32\ucrtbase.dll
0x00007ffc4de70000 - 0x00007ffc4de88000 	C:\Users\Huawei\.jdks\corretto-17.0.18\bin\jli.dll
0x00007ffc4ddb0000 - 0x00007ffc4ddce000 	C:\Users\Huawei\.jdks\corretto-17.0.18\bin\VCRUNTIME140.dll
0x00007ffc7eca0000 - 0x00007ffc7ee67000 	C:\WINDOWS\System32\USER32.dll
0x00007ffc7d7e0000 - 0x00007ffc7d807000 	C:\WINDOWS\System32\win32u.dll
0x00007ffc7c480000 - 0x00007ffc7c714000 	C:\WINDOWS\WinSxS\amd64_microsoft.windows.common-controls_6595b64144ccf1df_6.0.26100.7019_none_3e06ffa0e335b8a8\COMCTL32.dll
0x00007ffc7f070000 - 0x00007ffc7f09b000 	C:\WINDOWS\System32\GDI32.dll
0x00007ffc7eee0000 - 0x00007ffc7ef89000 	C:\WINDOWS\System32\msvcrt.dll
0x00007ffc7d4b0000 - 0x00007ffc7d5dc000 	C:\WINDOWS\System32\gdi32full.dll
0x00007ffc7dc10000 - 0x00007ffc7dcb3000 	C:\WINDOWS\System32\msvcp_win.dll
0x00007ffc7f800000 - 0x00007ffc7f831000 	C:\WINDOWS\System32\IMM32.DLL
0x00007ffc5da90000 - 0x00007ffc5da9c000 	C:\Users\Huawei\.jdks\corretto-17.0.18\bin\vcruntime140_1.dll
0x00007ffc0fab0000 - 0x00007ffc0fb39000 	C:\Users\Huawei\.jdks\corretto-17.0.18\bin\msvcp140.dll
0x00007ffb7cdb0000 - 0x00007ffb7da24000 	C:\Users\Huawei\.jdks\corretto-17.0.18\bin\server\jvm.dll
0x00007ffc7f640000 - 0x00007ffc7f6f4000 	C:\WINDOWS\System32\ADVAPI32.dll
0x00007ffc7f420000 - 0x00007ffc7f4c6000 	C:\WINDOWS\System32\sechost.dll
0x00007ffc7f2f0000 - 0x00007ffc7f408000 	C:\WINDOWS\System32\RPCRT4.dll
0x00007ffc7fe60000 - 0x00007ffc7fed4000 	C:\WINDOWS\System32\WS2_32.dll
0x00007ffc7ced0000 - 0x00007ffc7cf2e000 	C:\WINDOWS\SYSTEM32\POWRPROF.dll
0x00007ffc6eb40000 - 0x00007ffc6eb4b000 	C:\WINDOWS\SYSTEM32\VERSION.dll
0x00007ffc66270000 - 0x00007ffc662a5000 	C:\WINDOWS\SYSTEM32\WINMM.dll
0x00007ffc7ceb0000 - 0x00007ffc7cec4000 	C:\WINDOWS\SYSTEM32\UMPDC.dll
0x00007ffc7b500000 - 0x00007ffc7b51b000 	C:\WINDOWS\SYSTEM32\kernel.appcore.dll
0x00007ffc58660000 - 0x00007ffc5866a000 	C:\Users\Huawei\.jdks\corretto-17.0.18\bin\jimage.dll
0x00007ffc7c830000 - 0x00007ffc7ca72000 	C:\WINDOWS\SYSTEM32\DBGHELP.DLL
0x00007ffc7f860000 - 0x00007ffc7fbeb000 	C:\WINDOWS\System32\combase.dll
0x00007ffc7ef90000 - 0x00007ffc7f067000 	C:\WINDOWS\System32\OLEAUT32.dll
0x00007ffc7c720000 - 0x00007ffc7c75c000 	C:\WINDOWS\SYSTEM32\dbgcore.DLL
0x00007ffc7d5e0000 - 0x00007ffc7d685000 	C:\WINDOWS\System32\bcryptPrimitives.dll
0x00007ffc13d40000 - 0x00007ffc13d66000 	C:\Users\Huawei\.jdks\corretto-17.0.18\bin\java.dll

dbghelp: loaded successfully - version: 4.0.5 - missing functions: none
symbol engine: initialized successfully - sym options: 0x614 - pdb path: .;C:\Users\Huawei\.jdks\corretto-17.0.18\bin;C:\WINDOWS\SYSTEM32;C:\Program Files\Avast Software\Avast;C:\WINDOWS\WinSxS\amd64_microsoft.windows.common-controls_6595b64144ccf1df_6.0.26100.7019_none_3e06ffa0e335b8a8;C:\Users\Huawei\.jdks\corretto-17.0.18\bin\server

VM Arguments:
jvm_args: --module-path=C:\Users\Huawei\.m2\repository\org\openjfx\javafx-base\17.0.6\javafx-base-17.0.6-win.jar;C:\Users\Huawei\.m2\repository\org\openjfx\javafx-base\17.0.6\javafx-base-17.0.6.jar;C:\Users\Huawei\.m2\repository\org\openjfx\javafx-controls\17.0.6\javafx-controls-17.0.6-win.jar;C:\Users\Huawei\.m2\repository\org\openjfx\javafx-controls\17.0.6\javafx-controls-17.0.6.jar;C:\Users\Huawei\.m2\repository\org\openjfx\javafx-fxml\17.0.6\javafx-fxml-17.0.6-win.jar;C:\Users\Huawei\.m2\repository\org\openjfx\javafx-fxml\17.0.6\javafx-fxml-17.0.6.jar;C:\Users\Huawei\.m2\repository\org\openjfx\javafx-graphics\17.0.6\javafx-graphics-17.0.6-win.jar;C:\Users\Huawei\.m2\repository\org\openjfx\javafx-graphics\17.0.6\javafx-graphics-17.0.6.jar --add-modules=javafx.base,javafx.controls,javafx.fxml,javafx.graphics 
java_command: tn.esprit.MainApp
java_class_path (initial): C:\Users\Huawei\Downloads\Workshop_3A43\Workshop_3A43\target\classes;C:\Users\Huawei\.m2\repository\com\google\protobuf\protobuf-java\3.21.9\protobuf-java-3.21.9.jar;C:\Users\Huawei\.m2\repository\com\mysql\mysql-connector-j\8.0.33\mysql-connector-j-8.0.33.jar;C:\Users\Huawei\.m2\repository\org\mindrot\jbcrypt\0.4\jbcrypt-0.4.jar
Launcher Type: SUN_STANDARD

[Global flags]
     intx CICompilerCount                          = 4                                         {product} {ergonomic}
     uint ConcGCThreads                            = 2                                         {product} {ergonomic}
     uint G1ConcRefinementThreads                  = 8                                         {product} {ergonomic}
   size_t G1HeapRegionSize                         = 2097152                                   {product} {ergonomic}
    uintx GCDrainStackTargetSize                   = 64                                        {product} {ergonomic}
   size_t InitialHeapSize                          = 266338304                                 {product} {ergonomic}
   size_t MarkStackSize                            = 4194304                                   {product} {ergonomic}
   size_t MaxHeapSize                              = 4253024256                                {product} {ergonomic}
   size_t MinHeapDeltaBytes                        = 2097152                                   {product} {ergonomic}
   size_t MinHeapSize                              = 8388608                                   {product} {ergonomic}
    uintx NonNMethodCodeHeapSize                   = 5839372                                {pd product} {ergonomic}
    uintx NonProfiledCodeHeapSize                  = 122909434                              {pd product} {ergonomic}
    uintx ProfiledCodeHeapSize                     = 122909434                              {pd product} {ergonomic}
    uintx ReservedCodeCacheSize                    = 251658240                              {pd product} {ergonomic}
     bool SegmentedCodeCache                       = true                                      {product} {ergonomic}
   size_t SoftMaxHeapSize                          = 4253024256                             {manageable} {ergonomic}
     bool UseCompressedClassPointers               = true                           {product lp64_product} {ergonomic}
     bool UseCompressedOops                        = true                           {product lp64_product} {ergonomic}
     bool UseG1GC                                  = true                                      {product} {ergonomic}
     bool UseLargePagesIndividualAllocation        = false                                  {pd product} {ergonomic}

Logging:
Log output configuration:
 #0: stdout all=warning uptime,level,tags
 #1: stderr all=off uptime,level,tags

Environment Variables:
JAVA_HOME=C:\Users\Huawei\.jdks\corretto-17.0.18
PATH=C:\Program Files (x86)\Common Files\Oracle\Java\javapath;C:\Program Files\Common Files\Oracle\Java\javapath;C:\WINDOWS\system32;C:\WINDOWS;C:\WINDOWS\System32\Wbem;C:\WINDOWS\System32\WindowsPowerShell\v1.0\;C:\WINDOWS\System32\OpenSSH\;C:\Program Files\NVIDIA Corporation\NVIDIA NvDLISR;C:\Program Files (x86)\NVIDIA Corporation\PhysX\Common;C:\Program Files\Java\jdk-22\bin;C:\Program Files\PuTTY\;C:\Program Files\Git\cmd;C:\Program Files\nodejs\;C:\Users\Huawei\scoop\shims;C:\Users\Huawei\AppData\Local\Programs\Python\Python313\Scripts\;C:\Users\Huawei\AppData\Local\Programs\Python\Python313\;C:\Users\Huawei\AppData\Local\Programs\Python\Launcher\;C:\Users\Huawei\AppData\Local\Microsoft\WindowsApps;C:\Users\Huawei\AppData\Local\Programs\Microsoft VS Code\bin;C:\Users\Huawei\AppData\Local\Programs\cursor\resources\app\bin;C:\xampp\php;C:\Users\Huawei\AppData\Local\ComposerSetup\bin;C:\Users\Huawei\AppData\Roaming\Composer\vendor\bin;C:\Users\Huawei\AppData\Roaming\npm;C:\Users\Huawei\AppData\Local\Programs\Antigravity\bin;C:\Users\Huawei\AppData\Local\Programs\Kiro\bin
USERNAME=Huawei
OS=Windows_NT
PROCESSOR_IDENTIFIER=Intel64 Family 6 Model 142 Stepping 12, GenuineIntel
TMP=C:\Users\Huawei\AppData\Local\Temp
TEMP=C:\Users\Huawei\AppData\Local\Temp



Periodic native trim disabled


---------------  S Y S T E M  ---------------

OS:
 Windows 11 , 64 bit Build 26100 (10.0.26100.7019)
OS uptime: 1 days 15:20 hours
Hyper-V role detected

CPU: total 8 (initial active 8) (4 cores per cpu, 2 threads per core) family 6 model 142 stepping 12 microcode 0xde, cx8, cmov, fxsr, ht, mmx, 3dnowpref, sse, sse2, sse3, ssse3, sse4.1, sse4.2, popcnt, lzcnt, tsc, tscinvbit, avx, avx2, aes, erms, clmul, bmi1, bmi2, adx, fma, vzeroupper, clflush, clflushopt, hv
Processor Information for processor 0
  Max Mhz: 2304, Current Mhz: 1502, Mhz Limit: 1797
Processor Information for processor 1
  Max Mhz: 2304, Current Mhz: 1502, Mhz Limit: 1797
Processor Information for processor 2
  Max Mhz: 2304, Current Mhz: 1502, Mhz Limit: 1797
Processor Information for processor 3
  Max Mhz: 2304, Current Mhz: 1502, Mhz Limit: 1797
Processor Information for processor 4
  Max Mhz: 2304, Current Mhz: 1803, Mhz Limit: 1797
Processor Information for processor 5
  Max Mhz: 2304, Current Mhz: 1803, Mhz Limit: 1797
Processor Information for processor 6
  Max Mhz: 2304, Current Mhz: 1502, Mhz Limit: 1797
Processor Information for processor 7
  Max Mhz: 2304, Current Mhz: 1803, Mhz Limit: 1797

Memory: 4k page, system-wide physical 16217M (442M free)
TotalPageFile size 25186M (AvailPageFile size 5M)
current process WorkingSet (physical memory assigned to process): 13M, peak: 13M
current process commit charge ("private bytes"): 315M, peak: 319M

vm_info: OpenJDK 64-Bit Server VM (17.0.18+9-LTS) for windows-amd64 JRE (17.0.18+9-LTS), built on Jan 27 2026 22:38:43 by "Administrator" with MS VC++ 17.14 (VS2022)

END.
