#
# There is insufficient memory for the Java Runtime Environment to continue.
# Native memory allocation (malloc) failed to allocate 2067696 bytes. Error detail: Chunk::new
# Possible reasons:
#   The system is out of physical RAM or swap space
#   This process is running with CompressedOops enabled, and the Java Heap may be blocking the growth of the native heap
# Possible solutions:
#   Reduce memory load on the system
#   Increase physical memory or swap space
#   Check if swap backing store is full
#   Decrease Java heap size (-Xmx/-Xms)
#   Decrease number of Java threads
#   Decrease Java thread stack sizes (-Xss)
#   Set larger code cache with -XX:ReservedCodeCacheSize=
#   JVM is running with Zero Based Compressed Oops mode in which the Java heap is
#     placed in the first 32GB address space. The Java Heap base address is the
#     maximum limit for the native heap growth. Please use -XX:HeapBaseMinAddress
#     to set the Java Heap base and to place the Java Heap above 32GB virtual address.
# This output file may be truncated or incomplete.
#
#  Out of Memory Error (arena.cpp:191), pid=27520, tid=31000
#
# JRE version: OpenJDK Runtime Environment Corretto-17.0.18.9.1 (17.0.18+9) (build 17.0.18+9-LTS)
# Java VM: OpenJDK 64-Bit Server VM Corretto-17.0.18.9.1 (17.0.18+9-LTS, mixed mode, sharing, tiered, compressed oops, compressed class ptrs, g1 gc, windows-amd64)
# No core dump will be written. Minidumps are not enabled by default on client versions of Windows
#

---------------  S U M M A R Y ------------

Command Line: --enable-native-access=ALL-UNNAMED -Dfile.encoding=UTF-8 -Dclassworlds.conf=C:\Program Files\JetBrains\IntelliJ IDEA 2026.1\plugins\maven\lib\maven3\bin\m2.conf -Dmaven.home=C:\Program Files\JetBrains\IntelliJ IDEA 2026.1\plugins\maven\lib\maven3 -Dlibrary.jansi.path=C:\Program Files\JetBrains\IntelliJ IDEA 2026.1\plugins\maven\lib\maven3\lib\jansi-native -Dmaven.multiModuleProjectDirectory=C:\Users\Huawei\Downloads\Workshop_3A43\Workshop_3A43 org.codehaus.plexus.classworlds.launcher.Launcher -Didea.version=2026.1 -Dmaven.ext.class.path=C:\Program Files\JetBrains\IntelliJ IDEA 2026.1\plugins\maven\lib\intellij.maven.rt\maven-event-listener.jar -Djansi.passthrough=true -Dstyle.color=always -Dmaven.repo.local=C:\Users\Huawei\.m2\repository org.openjfx:javafx-maven-plugin:0.0.8:run -f pom.xml

Host: Intel(R) Core(TM) i7-10510U CPU @ 1.80GHz, 8 cores, 15G,  Windows 11 , 64 bit Build 26100 (10.0.26100.7019)
Time: Mon Apr 13 11:28:10 2026 Afr. centrale Ouest elapsed time: 7.614222 seconds (0d 0h 0m 7s)

---------------  T H R E A D  ---------------

Current thread (0x000001a22d7c8700):  JavaThread "C2 CompilerThread0" daemon [_thread_in_native, id=31000, stack(0x0000002367100000,0x0000002367200000)]


Current CompileTask:
C2:7614 8311   !   4       com.google.inject.spi.InjectionPoint::getInjectionPoints (489 bytes)

Stack: [0x0000002367100000,0x0000002367200000]
Native frames: (J=compiled Java code, j=interpreted, Vv=VM code, C=native code)
V  [jvm.dll+0x68b3f9]
V  [jvm.dll+0x841779]
V  [jvm.dll+0x8434e8]
V  [jvm.dll+0x843b73]
V  [jvm.dll+0x24ce4f]
V  [jvm.dll+0xaec76]
V  [jvm.dll+0xaf31c]
V  [jvm.dll+0x36e6cf]
V  [jvm.dll+0x338975]
V  [jvm.dll+0x337dda]
V  [jvm.dll+0x21dda9]
V  [jvm.dll+0x21d1ec]
V  [jvm.dll+0x1a8c70]
V  [jvm.dll+0x22d9fb]
V  [jvm.dll+0x22bb86]
V  [jvm.dll+0x7f78db]
V  [jvm.dll+0x7f1cdc]
V  [jvm.dll+0x68a307]
C  [ucrtbase.dll+0x37b0]
C  [KERNEL32.DLL+0x2e8d7]
C  [ntdll.dll+0x8c53c]


---------------  P R O C E S S  ---------------

Threads class SMR info:
_java_thread_list=0x000001a274a90db0, length=16, elements={
0x000001a20910a4b0, 0x000001a22d7ae000, 0x000001a22d7aead0, 0x000001a22d7c38e0,
0x000001a22d7c61c0, 0x000001a22d7c6a90, 0x000001a22d7c7360, 0x000001a22d7c8700,
0x000001a22d7c97b0, 0x000001a22d7cdd60, 0x000001a26f185050, 0x000001a26f1c0030,
0x000001a26f22ffa0, 0x000001a274340b40, 0x000001a27488c240, 0x000001a275d21820
}

Java Threads: ( => current thread )
  0x000001a20910a4b0 JavaThread "main" [_thread_in_native, id=17260, stack(0x0000002366400000,0x0000002366500000)]
  0x000001a22d7ae000 JavaThread "Reference Handler" daemon [_thread_blocked, id=26800, stack(0x0000002366b00000,0x0000002366c00000)]
  0x000001a22d7aead0 JavaThread "Finalizer" daemon [_thread_blocked, id=25524, stack(0x0000002366c00000,0x0000002366d00000)]
  0x000001a22d7c38e0 JavaThread "Signal Dispatcher" daemon [_thread_blocked, id=24480, stack(0x0000002366d00000,0x0000002366e00000)]
  0x000001a22d7c61c0 JavaThread "Attach Listener" daemon [_thread_blocked, id=28300, stack(0x0000002366e00000,0x0000002366f00000)]
  0x000001a22d7c6a90 JavaThread "Service Thread" daemon [_thread_blocked, id=24636, stack(0x0000002366f00000,0x0000002367000000)]
  0x000001a22d7c7360 JavaThread "Monitor Deflation Thread" daemon [_thread_blocked, id=29876, stack(0x0000002367000000,0x0000002367100000)]
=>0x000001a22d7c8700 JavaThread "C2 CompilerThread0" daemon [_thread_in_native, id=31000, stack(0x0000002367100000,0x0000002367200000)]
  0x000001a22d7c97b0 JavaThread "C1 CompilerThread0" daemon [_thread_blocked, id=30112, stack(0x0000002367200000,0x0000002367300000)]
  0x000001a22d7cdd60 JavaThread "Sweeper thread" daemon [_thread_blocked, id=4040, stack(0x0000002367300000,0x0000002367400000)]
  0x000001a26f185050 JavaThread "Notification Thread" daemon [_thread_blocked, id=32080, stack(0x0000002367400000,0x0000002367500000)]
  0x000001a26f1c0030 JavaThread "Common-Cleaner" daemon [_thread_blocked, id=15600, stack(0x0000002367600000,0x0000002367700000)]
  0x000001a26f22ffa0 JavaThread "C2 CompilerThread1" daemon [_thread_blocked, id=11088, stack(0x0000002367700000,0x0000002367800000)]
  0x000001a274340b40 JavaThread "Thread-1" daemon [_thread_blocked, id=24412, stack(0x0000002367f00000,0x0000002368000000)]
  0x000001a27488c240 JavaThread "C2 CompilerThread2" daemon [_thread_blocked, id=30144, stack(0x0000002368000000,0x0000002368100000)]
  0x000001a275d21820 JavaThread "Exec Input Stream Pumper" daemon [_thread_blocked, id=14072, stack(0x0000002368700000,0x0000002368800000)]

Other Threads:
  0x000001a22d7a0860 VMThread "VM Thread" [stack: 0x0000002366a00000,0x0000002366b00000] [id=14412]
  0x000001a26f1a5940 WatcherThread [stack: 0x0000002367500000,0x0000002367600000] [id=25348]
  0x000001a209179ef0 GCTaskThread "GC Thread#0" [stack: 0x0000002366500000,0x0000002366600000] [id=31708]
  0x000001a26f2b0af0 GCTaskThread "GC Thread#1" [stack: 0x0000002367800000,0x0000002367900000] [id=25968]
  0x000001a26fa6cf50 GCTaskThread "GC Thread#2" [stack: 0x0000002367900000,0x0000002367a00000] [id=28768]
  0x000001a26fa9bb20 GCTaskThread "GC Thread#3" [stack: 0x0000002367a00000,0x0000002367b00000] [id=27360]
  0x000001a26fa9c600 GCTaskThread "GC Thread#4" [stack: 0x0000002367b00000,0x0000002367c00000] [id=18196]
  0x000001a26fa9ccd0 GCTaskThread "GC Thread#5" [stack: 0x0000002367c00000,0x0000002367d00000] [id=15964]
  0x000001a26fa85b40 GCTaskThread "GC Thread#6" [stack: 0x0000002367d00000,0x0000002367e00000] [id=18376]
  0x000001a274574af0 GCTaskThread "GC Thread#7" [stack: 0x0000002367e00000,0x0000002367f00000] [id=32344]
  0x000001a20918aad0 ConcurrentGCThread "G1 Main Marker" [stack: 0x0000002366600000,0x0000002366700000] [id=22272]
  0x000001a20918c870 ConcurrentGCThread "G1 Conc#0" [stack: 0x0000002366700000,0x0000002366800000] [id=31012]
  0x000001a275023cb0 ConcurrentGCThread "G1 Conc#1" [stack: 0x0000002368100000,0x0000002368200000] [id=31620]
  0x000001a2091ae0d0 ConcurrentGCThread "G1 Refine#0" [stack: 0x0000002366800000,0x0000002366900000] [id=28124]
  0x000001a274de49d0 ConcurrentGCThread "G1 Refine#1" [stack: 0x0000002368200000,0x0000002368300000] [id=32552]
  0x000001a2759448b0 ConcurrentGCThread "G1 Refine#2" [stack: 0x0000002368300000,0x0000002368400000] [id=23556]
  0x000001a2754d7130 ConcurrentGCThread "G1 Refine#3" [stack: 0x0000002368400000,0x0000002368500000] [id=8592]
  0x000001a2091ae8b0 ConcurrentGCThread "G1 Service" [stack: 0x0000002366900000,0x0000002366a00000] [id=18404]

Threads with active compile tasks:
C2 CompilerThread0  7640 8311   !   4       com.google.inject.spi.InjectionPoint::getInjectionPoints (489 bytes)

VM state: not at safepoint (normal execution)

VM Mutex/Monitor currently owned by a thread: None

Heap address: 0x0000000702800000, size: 4056 MB, Compressed Oops mode: Zero based, Oop shift amount: 3

CDS archive(s) mapped at: [0x000001a22e000000-0x000001a22ebb0000-0x000001a22ebb0000), size 12255232, SharedBaseAddress: 0x000001a22e000000, ArchiveRelocationMode: 1.
Compressed class space mapped at: 0x000001a22f000000-0x000001a26f000000, reserved size: 1073741824
Narrow klass base: 0x000001a22e000000, Narrow klass shift: 0, Narrow klass range: 0x100000000

GC Precious Log:
 CPUs: 8 total, 8 available
 Memory: 16217M
 Large Page Support: Disabled
 NUMA Support: Disabled
 Compressed Oops: Enabled (Zero based)
 Heap Region Size: 2M
 Heap Min Capacity: 8M
 Heap Initial Capacity: 254M
 Heap Max Capacity: 4056M
 Pre-touch: Disabled
 Parallel Workers: 8
 Concurrent Workers: 2
 Concurrent Refinement Workers: 8
 Periodic GC: Disabled

Heap:
 garbage-first heap   total 155648K, used 35780K [0x0000000702800000, 0x0000000800000000)
  region size 2048K, 6 young (12288K), 5 survivors (10240K)
 Metaspace       used 30124K, committed 30400K, reserved 1114112K
  class space    used 3450K, committed 3584K, reserved 1048576K

Heap Regions: E=young(eden), S=young(survivor), O=old, HS=humongous(starts), HC=humongous(continues), CS=collection set, F=free, OA=open archive, CA=closed archive, TAMS=top-at-mark-start (previous, next)
|   0|0x0000000702800000, 0x0000000702a00000, 0x0000000702a00000|100%| O|  |TAMS 0x0000000702a00000, 0x0000000702800000| Untracked 
|   1|0x0000000702a00000, 0x0000000702c00000, 0x0000000702c00000|100%| O|  |TAMS 0x0000000702a00000, 0x0000000702a00000| Untracked 
|   2|0x0000000702c00000, 0x0000000702e00000, 0x0000000702e00000|100%| O|  |TAMS 0x0000000702c00000, 0x0000000702c00000| Untracked 
|   3|0x0000000702e00000, 0x0000000703000000, 0x0000000703000000|100%| O|  |TAMS 0x0000000702e00000, 0x0000000702e00000| Untracked 
|   4|0x0000000703000000, 0x0000000703200000, 0x0000000703200000|100%| O|  |TAMS 0x0000000703000000, 0x0000000703000000| Untracked 
|   5|0x0000000703200000, 0x0000000703400000, 0x0000000703400000|100%| O|  |TAMS 0x0000000703200000, 0x0000000703200000| Untracked 
|   6|0x0000000703400000, 0x0000000703600000, 0x0000000703600000|100%| O|  |TAMS 0x0000000703400000, 0x0000000703400000| Untracked 
|   7|0x0000000703600000, 0x0000000703800000, 0x0000000703800000|100%| O|  |TAMS 0x0000000703600000, 0x0000000703600000| Untracked 
|   8|0x0000000703800000, 0x0000000703a00000, 0x0000000703a00000|100%| O|  |TAMS 0x0000000703800000, 0x0000000703800000| Untracked 
|   9|0x0000000703a00000, 0x0000000703c00000, 0x0000000703c00000|100%|HS|  |TAMS 0x0000000703a00000, 0x0000000703a00000| Complete 
|  10|0x0000000703c00000, 0x0000000703e00000, 0x0000000703e00000|100%| O|  |TAMS 0x0000000703c00000, 0x0000000703c00000| Untracked 
|  11|0x0000000703e00000, 0x0000000704000000, 0x0000000704000000|100%| O|  |TAMS 0x0000000703e00000, 0x0000000703e00000| Untracked 
|  12|0x0000000704000000, 0x0000000704177200, 0x0000000704200000| 73%| O|  |TAMS 0x0000000704000000, 0x0000000704000000| Untracked 
|  13|0x0000000704200000, 0x0000000704200000, 0x0000000704400000|  0%| F|  |TAMS 0x0000000704200000, 0x0000000704200000| Untracked 
|  14|0x0000000704400000, 0x0000000704400000, 0x0000000704600000|  0%| F|  |TAMS 0x0000000704400000, 0x0000000704400000| Untracked 
|  15|0x0000000704600000, 0x0000000704600000, 0x0000000704800000|  0%| F|  |TAMS 0x0000000704600000, 0x0000000704600000| Untracked 
|  16|0x0000000704800000, 0x0000000704800000, 0x0000000704a00000|  0%| F|  |TAMS 0x0000000704800000, 0x0000000704800000| Untracked 
|  17|0x0000000704a00000, 0x0000000704a00000, 0x0000000704c00000|  0%| F|  |TAMS 0x0000000704a00000, 0x0000000704a00000| Untracked 
|  18|0x0000000704c00000, 0x0000000704c00000, 0x0000000704e00000|  0%| F|  |TAMS 0x0000000704c00000, 0x0000000704c00000| Untracked 
|  19|0x0000000704e00000, 0x0000000704e00000, 0x0000000705000000|  0%| F|  |TAMS 0x0000000704e00000, 0x0000000704e00000| Untracked 
|  20|0x0000000705000000, 0x0000000705000000, 0x0000000705200000|  0%| F|  |TAMS 0x0000000705000000, 0x0000000705000000| Untracked 
|  21|0x0000000705200000, 0x0000000705200000, 0x0000000705400000|  0%| F|  |TAMS 0x0000000705200000, 0x0000000705200000| Untracked 
|  22|0x0000000705400000, 0x0000000705400000, 0x0000000705600000|  0%| F|  |TAMS 0x0000000705400000, 0x0000000705400000| Untracked 
|  23|0x0000000705600000, 0x0000000705600000, 0x0000000705800000|  0%| F|  |TAMS 0x0000000705600000, 0x0000000705600000| Untracked 
|  24|0x0000000705800000, 0x0000000705800000, 0x0000000705a00000|  0%| F|  |TAMS 0x0000000705800000, 0x0000000705800000| Untracked 
|  25|0x0000000705a00000, 0x0000000705a00000, 0x0000000705c00000|  0%| F|  |TAMS 0x0000000705a00000, 0x0000000705a00000| Untracked 
|  26|0x0000000705c00000, 0x0000000705c00000, 0x0000000705e00000|  0%| F|  |TAMS 0x0000000705c00000, 0x0000000705c00000| Untracked 
|  27|0x0000000705e00000, 0x0000000705e00000, 0x0000000706000000|  0%| F|  |TAMS 0x0000000705e00000, 0x0000000705e00000| Untracked 
|  28|0x0000000706000000, 0x0000000706000000, 0x0000000706200000|  0%| F|  |TAMS 0x0000000706000000, 0x0000000706000000| Untracked 
|  29|0x0000000706200000, 0x0000000706200000, 0x0000000706400000|  0%| F|  |TAMS 0x0000000706200000, 0x0000000706200000| Untracked 
|  30|0x0000000706400000, 0x000000070657a120, 0x0000000706600000| 73%| S|CS|TAMS 0x0000000706400000, 0x0000000706400000| Complete 
|  31|0x0000000706600000, 0x0000000706800000, 0x0000000706800000|100%| S|CS|TAMS 0x0000000706600000, 0x0000000706600000| Complete 
|  32|0x0000000706800000, 0x0000000706a00000, 0x0000000706a00000|100%| S|CS|TAMS 0x0000000706800000, 0x0000000706800000| Complete 
|  33|0x0000000706a00000, 0x0000000706c00000, 0x0000000706c00000|100%| S|CS|TAMS 0x0000000706a00000, 0x0000000706a00000| Complete 
|  34|0x0000000706c00000, 0x0000000706c00000, 0x0000000706e00000|  0%| F|  |TAMS 0x0000000706c00000, 0x0000000706c00000| Untracked 
|  35|0x0000000706e00000, 0x0000000706e00000, 0x0000000707000000|  0%| F|  |TAMS 0x0000000706e00000, 0x0000000706e00000| Untracked 
|  36|0x0000000707000000, 0x0000000707000000, 0x0000000707200000|  0%| F|  |TAMS 0x0000000707000000, 0x0000000707000000| Untracked 
|  37|0x0000000707200000, 0x0000000707200000, 0x0000000707400000|  0%| F|  |TAMS 0x0000000707200000, 0x0000000707200000| Untracked 
|  38|0x0000000707400000, 0x0000000707600000, 0x0000000707600000|100%| S|CS|TAMS 0x0000000707400000, 0x0000000707400000| Complete 
|  39|0x0000000707600000, 0x0000000707600000, 0x0000000707800000|  0%| F|  |TAMS 0x0000000707600000, 0x0000000707600000| Untracked 
|  40|0x0000000707800000, 0x0000000707800000, 0x0000000707a00000|  0%| F|  |TAMS 0x0000000707800000, 0x0000000707800000| Untracked 
|  41|0x0000000707a00000, 0x0000000707a00000, 0x0000000707c00000|  0%| F|  |TAMS 0x0000000707a00000, 0x0000000707a00000| Untracked 
|  42|0x0000000707c00000, 0x0000000707c00000, 0x0000000707e00000|  0%| F|  |TAMS 0x0000000707c00000, 0x0000000707c00000| Untracked 
|  43|0x0000000707e00000, 0x0000000707e00000, 0x0000000708000000|  0%| F|  |TAMS 0x0000000707e00000, 0x0000000707e00000| Untracked 
|  44|0x0000000708000000, 0x0000000708000000, 0x0000000708200000|  0%| F|  |TAMS 0x0000000708000000, 0x0000000708000000| Untracked 
|  45|0x0000000708200000, 0x0000000708200000, 0x0000000708400000|  0%| F|  |TAMS 0x0000000708200000, 0x0000000708200000| Untracked 
|  46|0x0000000708400000, 0x0000000708400000, 0x0000000708600000|  0%| F|  |TAMS 0x0000000708400000, 0x0000000708400000| Untracked 
|  47|0x0000000708600000, 0x0000000708600000, 0x0000000708800000|  0%| F|  |TAMS 0x0000000708600000, 0x0000000708600000| Untracked 
|  48|0x0000000708800000, 0x0000000708800000, 0x0000000708a00000|  0%| F|  |TAMS 0x0000000708800000, 0x0000000708800000| Untracked 
|  49|0x0000000708a00000, 0x0000000708a00000, 0x0000000708c00000|  0%| F|  |TAMS 0x0000000708a00000, 0x0000000708a00000| Untracked 
|  50|0x0000000708c00000, 0x0000000708c00000, 0x0000000708e00000|  0%| F|  |TAMS 0x0000000708c00000, 0x0000000708c00000| Untracked 
|  51|0x0000000708e00000, 0x0000000708e00000, 0x0000000709000000|  0%| F|  |TAMS 0x0000000708e00000, 0x0000000708e00000| Untracked 
|  52|0x0000000709000000, 0x0000000709000000, 0x0000000709200000|  0%| F|  |TAMS 0x0000000709000000, 0x0000000709000000| Untracked 
|  53|0x0000000709200000, 0x0000000709200000, 0x0000000709400000|  0%| F|  |TAMS 0x0000000709200000, 0x0000000709200000| Untracked 
|  54|0x0000000709400000, 0x0000000709400000, 0x0000000709600000|  0%| F|  |TAMS 0x0000000709400000, 0x0000000709400000| Untracked 
|  55|0x0000000709600000, 0x0000000709600000, 0x0000000709800000|  0%| F|  |TAMS 0x0000000709600000, 0x0000000709600000| Untracked 
|  56|0x0000000709800000, 0x0000000709800000, 0x0000000709a00000|  0%| F|  |TAMS 0x0000000709800000, 0x0000000709800000| Untracked 
|  57|0x0000000709a00000, 0x0000000709a00000, 0x0000000709c00000|  0%| F|  |TAMS 0x0000000709a00000, 0x0000000709a00000| Untracked 
|  58|0x0000000709c00000, 0x0000000709c00000, 0x0000000709e00000|  0%| F|  |TAMS 0x0000000709c00000, 0x0000000709c00000| Untracked 
|  59|0x0000000709e00000, 0x0000000709e00000, 0x000000070a000000|  0%| F|  |TAMS 0x0000000709e00000, 0x0000000709e00000| Untracked 
|  60|0x000000070a000000, 0x000000070a000000, 0x000000070a200000|  0%| F|  |TAMS 0x000000070a000000, 0x000000070a000000| Untracked 
|  61|0x000000070a200000, 0x000000070a200000, 0x000000070a400000|  0%| F|  |TAMS 0x000000070a200000, 0x000000070a200000| Untracked 
|  62|0x000000070a400000, 0x000000070a400000, 0x000000070a600000|  0%| F|  |TAMS 0x000000070a400000, 0x000000070a400000| Untracked 
|  63|0x000000070a600000, 0x000000070a600000, 0x000000070a800000|  0%| F|  |TAMS 0x000000070a600000, 0x000000070a600000| Untracked 
|  64|0x000000070a800000, 0x000000070a800000, 0x000000070aa00000|  0%| F|  |TAMS 0x000000070a800000, 0x000000070a800000| Untracked 
|  65|0x000000070aa00000, 0x000000070aa00000, 0x000000070ac00000|  0%| F|  |TAMS 0x000000070aa00000, 0x000000070aa00000| Untracked 
|  66|0x000000070ac00000, 0x000000070ac00000, 0x000000070ae00000|  0%| F|  |TAMS 0x000000070ac00000, 0x000000070ac00000| Untracked 
|  67|0x000000070ae00000, 0x000000070ae00000, 0x000000070b000000|  0%| F|  |TAMS 0x000000070ae00000, 0x000000070ae00000| Untracked 
|  68|0x000000070b000000, 0x000000070b000000, 0x000000070b200000|  0%| F|  |TAMS 0x000000070b000000, 0x000000070b000000| Untracked 
|  69|0x000000070b200000, 0x000000070b200000, 0x000000070b400000|  0%| F|  |TAMS 0x000000070b200000, 0x000000070b200000| Untracked 
|  70|0x000000070b400000, 0x000000070b400000, 0x000000070b600000|  0%| F|  |TAMS 0x000000070b400000, 0x000000070b400000| Untracked 
|  85|0x000000070d200000, 0x000000070d200000, 0x000000070d400000|  0%| F|  |TAMS 0x000000070d200000, 0x000000070d200000| Untracked 
|  86|0x000000070d400000, 0x000000070d400000, 0x000000070d600000|  0%| F|  |TAMS 0x000000070d400000, 0x000000070d400000| Untracked 
|  87|0x000000070d600000, 0x000000070d600000, 0x000000070d800000|  0%| F|  |TAMS 0x000000070d600000, 0x000000070d600000| Untracked 
|  88|0x000000070d800000, 0x000000070d800000, 0x000000070da00000|  0%| F|  |TAMS 0x000000070d800000, 0x000000070d800000| Untracked 
| 126|0x0000000712400000, 0x0000000712600000, 0x0000000712600000|100%| E|  |TAMS 0x0000000712400000, 0x0000000712400000| Complete 

Card table byte_map: [0x000001a2224b0000,0x000001a222ca0000] _byte_map_base: 0x000001a21ec9c000

Marking Bits (Prev, Next): (CMBitMap*) 0x000001a20917a460, (CMBitMap*) 0x000001a20917a420
 Prev Bits: [0x000001a2273f0000, 0x000001a22b350000)
 Next Bits: [0x000001a223490000, 0x000001a2273f0000)

Polling page: 0x000001a208e40000

Metaspace:

Usage:
  Non-class:     26.05 MB used.
      Class:      3.37 MB used.
       Both:     29.42 MB used.

Virtual space:
  Non-class space:       64.00 MB reserved,      26.19 MB ( 41%) committed,  1 nodes.
      Class space:        1.00 GB reserved,       3.50 MB ( <1%) committed,  1 nodes.
             Both:        1.06 GB reserved,      29.69 MB (  3%) committed. 

Chunk freelists:
   Non-Class:  5.69 MB
       Class:  12.45 MB
        Both:  18.14 MB

MaxMetaspaceSize: unlimited
CompressedClassSpaceSize: 1.00 GB
Initial GC threshold: 21.00 MB
Current GC threshold: 35.25 MB
CDS: on
MetaspaceReclaimPolicy: balanced
 - commit_granule_bytes: 65536.
 - commit_granule_words: 8192.
 - virtual_space_node_default_size: 8388608.
 - enlarge_chunks_in_place: 1.
 - new_chunks_are_fully_committed: 0.
 - uncommit_free_chunks: 1.
 - use_allocation_guard: 0.
 - handle_deallocations: 1.


Internal statistics:

num_allocs_failed_limit: 3.
num_arena_births: 180.
num_arena_deaths: 0.
num_vsnodes_births: 2.
num_vsnodes_deaths: 0.
num_space_committed: 475.
num_space_uncommitted: 0.
num_chunks_returned_to_freelist: 3.
num_chunks_taken_from_freelist: 1274.
num_chunk_merges: 3.
num_chunk_splits: 901.
num_chunks_enlarged: 715.
num_inconsistent_stats: 0.

CodeHeap 'non-profiled nmethods': size=120000Kb used=3798Kb max_used=3798Kb free=116201Kb
 bounds [0x000001a219d30000, 0x000001a21a0f0000, 0x000001a221260000]
CodeHeap 'profiled nmethods': size=120000Kb used=16001Kb max_used=16001Kb free=103998Kb
 bounds [0x000001a212260000, 0x000001a213210000, 0x000001a219790000]
CodeHeap 'non-nmethods': size=5760Kb used=1210Kb max_used=1289Kb free=4550Kb
 bounds [0x000001a219790000, 0x000001a219a00000, 0x000001a219d30000]
 total_blobs=7956 nmethods=7448 adapters=420
 compilation: enabled
              stopped_count=0, restarted_count=0
 full_count=0

Compilation events (20 events):
Event: 7.522 Thread 0x000001a22d7c97b0 8442       2       java.lang.Character::getType (9 bytes)
Event: 7.522 Thread 0x000001a22d7c97b0 nmethod 8442 0x000001a2131f6410 code [0x000001a2131f65c0, 0x000001a2131f66f8]
Event: 7.522 Thread 0x000001a22d7c97b0 8441       3       java.lang.ProcessEnvironment$EntryComparator::compare (25 bytes)
Event: 7.522 Thread 0x000001a22d7c97b0 nmethod 8441 0x000001a2131f6790 code [0x000001a2131f6980, 0x000001a2131f6e68]
Event: 7.522 Thread 0x000001a22d7c97b0 8444       3       java.lang.Character::isSpaceChar (5 bytes)
Event: 7.522 Thread 0x000001a22d7c97b0 nmethod 8444 0x000001a2131f7010 code [0x000001a2131f71e0, 0x000001a2131f74f8]
Event: 7.527 Thread 0x000001a27488c240 nmethod 8356 0x000001a21a0df290 code [0x000001a21a0df440, 0x000001a21a0dfc58]
Event: 7.528 Thread 0x000001a27488c240 8365       4       java.util.ArrayDeque::pollFirst (36 bytes)
Event: 7.531 Thread 0x000001a27488c240 nmethod 8365 0x000001a21a0dff90 code [0x000001a21a0e0120, 0x000001a21a0e0258]
Event: 7.531 Thread 0x000001a27488c240 8372       4       java.util.stream.ReferencePipeline$2$1::accept (27 bytes)
Event: 7.532 Thread 0x000001a27488c240 nmethod 8372 0x000001a21a0e0310 code [0x000001a21a0e04a0, 0x000001a21a0e0598]
Event: 7.532 Thread 0x000001a27488c240 8443       4       java.lang.Character::isWhitespace (5 bytes)
Event: 7.533 Thread 0x000001a27488c240 nmethod 8443 0x000001a21a0e0690 code [0x000001a21a0e0820, 0x000001a21a0e0938]
Event: 7.533 Thread 0x000001a27488c240 8409       4       java.lang.CharacterDataLatin1::isJavaIdentifierStart (23 bytes)
Event: 7.533 Thread 0x000001a22d7c97b0 8446       3       jdk.internal.org.objectweb.asm.Frame::execute (2305 bytes)
Event: 7.534 Thread 0x000001a27488c240 nmethod 8409 0x000001a21a0e0d90 code [0x000001a21a0e0f20, 0x000001a21a0e0fd8]
Event: 7.534 Thread 0x000001a27488c240 8350       4       java.util.concurrent.ConcurrentHashMap::put (8 bytes)
Event: 7.535 Thread 0x000001a27488c240 nmethod 8350 0x000001a21a0e1390 code [0x000001a21a0e1520, 0x000001a21a0e15c8]
Event: 7.539 Thread 0x000001a22d7c97b0 nmethod 8446 0x000001a2131f7610 code [0x000001a2131f8540, 0x000001a2131fedb8]
Event: 7.558 Thread 0x000001a26f22ffa0 nmethod 8417 0x000001a21a0e1c90 code [0x000001a21a0e1f20, 0x000001a21a0e4860]

GC Heap History (18 events):
Event: 0.906 GC heap before
{Heap before GC invocations=0 (full 0):
 garbage-first heap   total 260096K, used 22528K [0x0000000702800000, 0x0000000800000000)
  region size 2048K, 11 young (22528K), 0 survivors (0K)
 Metaspace       used 5394K, committed 5568K, reserved 1114112K
  class space    used 648K, committed 768K, reserved 1048576K
}
Event: 0.909 GC heap after
{Heap after GC invocations=1 (full 0):
 garbage-first heap   total 260096K, used 3714K [0x0000000702800000, 0x0000000800000000)
  region size 2048K, 2 young (4096K), 2 survivors (4096K)
 Metaspace       used 5394K, committed 5568K, reserved 1114112K
  class space    used 648K, committed 768K, reserved 1048576K
}
Event: 1.457 GC heap before
{Heap before GC invocations=1 (full 0):
 garbage-first heap   total 260096K, used 34434K [0x0000000702800000, 0x0000000800000000)
  region size 2048K, 17 young (34816K), 2 survivors (4096K)
 Metaspace       used 8627K, committed 8768K, reserved 1114112K
  class space    used 1046K, committed 1152K, reserved 1048576K
}
Event: 1.461 GC heap after
{Heap after GC invocations=2 (full 0):
 garbage-first heap   total 260096K, used 5011K [0x0000000702800000, 0x0000000800000000)
  region size 2048K, 1 young (2048K), 1 survivors (2048K)
 Metaspace       used 8627K, committed 8768K, reserved 1114112K
  class space    used 1046K, committed 1152K, reserved 1048576K
}
Event: 3.637 GC heap before
{Heap before GC invocations=2 (full 0):
 garbage-first heap   total 260096K, used 78739K [0x0000000702800000, 0x0000000800000000)
  region size 2048K, 38 young (77824K), 1 survivors (2048K)
 Metaspace       used 21254K, committed 21504K, reserved 1114112K
  class space    used 2592K, committed 2752K, reserved 1048576K
}
Event: 3.645 GC heap after
{Heap after GC invocations=3 (full 0):
 garbage-first heap   total 260096K, used 10793K [0x0000000702800000, 0x0000000800000000)
  region size 2048K, 4 young (8192K), 4 survivors (8192K)
 Metaspace       used 21254K, committed 21504K, reserved 1114112K
  class space    used 2592K, committed 2752K, reserved 1048576K
}
Event: 4.195 GC heap before
{Heap before GC invocations=4 (full 0):
 garbage-first heap   total 49152K, used 31273K [0x0000000702800000, 0x0000000800000000)
  region size 2048K, 14 young (28672K), 4 survivors (8192K)
 Metaspace       used 24539K, committed 24832K, reserved 1114112K
  class space    used 2914K, committed 3072K, reserved 1048576K
}
Event: 4.206 GC heap after
{Heap after GC invocations=5 (full 0):
 garbage-first heap   total 49152K, used 16727K [0x0000000702800000, 0x0000000800000000)
  region size 2048K, 2 young (4096K), 2 survivors (4096K)
 Metaspace       used 24539K, committed 24832K, reserved 1114112K
  class space    used 2914K, committed 3072K, reserved 1048576K
}
Event: 4.226 GC heap before
{Heap before GC invocations=5 (full 0):
 garbage-first heap   total 49152K, used 18775K [0x0000000702800000, 0x0000000800000000)
  region size 2048K, 3 young (6144K), 2 survivors (4096K)
 Metaspace       used 24548K, committed 24832K, reserved 1114112K
  class space    used 2914K, committed 3072K, reserved 1048576K
}
Event: 4.235 GC heap after
{Heap after GC invocations=6 (full 0):
 garbage-first heap   total 49152K, used 18217K [0x0000000702800000, 0x0000000800000000)
  region size 2048K, 1 young (2048K), 1 survivors (2048K)
 Metaspace       used 24548K, committed 24832K, reserved 1114112K
  class space    used 2914K, committed 3072K, reserved 1048576K
}
Event: 4.434 GC heap before
{Heap before GC invocations=6 (full 0):
 garbage-first heap   total 49152K, used 32553K [0x0000000702800000, 0x0000000800000000)
  region size 2048K, 8 young (16384K), 1 survivors (2048K)
 Metaspace       used 25030K, committed 25344K, reserved 1114112K
  class space    used 2974K, committed 3136K, reserved 1048576K
}
Event: 4.442 GC heap after
{Heap after GC invocations=7 (full 0):
 garbage-first heap   total 49152K, used 20480K [0x0000000702800000, 0x0000000800000000)
  region size 2048K, 1 young (2048K), 1 survivors (2048K)
 Metaspace       used 25030K, committed 25344K, reserved 1114112K
  class space    used 2974K, committed 3136K, reserved 1048576K
}
Event: 4.654 GC heap before
{Heap before GC invocations=7 (full 0):
 garbage-first heap   total 49152K, used 34816K [0x0000000702800000, 0x0000000800000000)
  region size 2048K, 8 young (16384K), 1 survivors (2048K)
 Metaspace       used 25346K, committed 25664K, reserved 1114112K
  class space    used 2979K, committed 3136K, reserved 1048576K
}
Event: 4.664 GC heap after
{Heap after GC invocations=8 (full 0):
 garbage-first heap   total 155648K, used 23969K [0x0000000702800000, 0x0000000800000000)
  region size 2048K, 1 young (2048K), 1 survivors (2048K)
 Metaspace       used 25346K, committed 25664K, reserved 1114112K
  class space    used 2979K, committed 3136K, reserved 1048576K
}
Event: 6.157 GC heap before
{Heap before GC invocations=8 (full 0):
 garbage-first heap   total 155648K, used 103841K [0x0000000702800000, 0x0000000800000000)
  region size 2048K, 39 young (79872K), 1 survivors (2048K)
 Metaspace       used 28153K, committed 28480K, reserved 1114112K
  class space    used 3229K, committed 3392K, reserved 1048576K
}
Event: 6.170 GC heap after
{Heap after GC invocations=9 (full 0):
 garbage-first heap   total 155648K, used 31198K [0x0000000702800000, 0x0000000800000000)
  region size 2048K, 4 young (8192K), 4 survivors (8192K)
 Metaspace       used 28153K, committed 28480K, reserved 1114112K
  class space    used 3229K, committed 3392K, reserved 1048576K
}
Event: 7.482 GC heap before
{Heap before GC invocations=9 (full 0):
 garbage-first heap   total 155648K, used 106974K [0x0000000702800000, 0x0000000800000000)
  region size 2048K, 41 young (83968K), 4 survivors (8192K)
 Metaspace       used 29927K, committed 30208K, reserved 1114112K
  class space    used 3424K, committed 3584K, reserved 1048576K
}
Event: 7.499 GC heap after
{Heap after GC invocations=10 (full 0):
 garbage-first heap   total 155648K, used 35780K [0x0000000702800000, 0x0000000800000000)
  region size 2048K, 5 young (10240K), 5 survivors (10240K)
 Metaspace       used 29927K, committed 30208K, reserved 1114112K
  class space    used 3424K, committed 3584K, reserved 1048576K
}

Dll operation events (8 events):
Event: 0.007 Loaded shared library C:\Users\Huawei\.jdks\corretto-17.0.18\bin\java.dll
Event: 0.024 Loaded shared library C:\Users\Huawei\.jdks\corretto-17.0.18\bin\jsvml.dll
Event: 0.089 Loaded shared library C:\Users\Huawei\.jdks\corretto-17.0.18\bin\net.dll
Event: 0.093 Loaded shared library C:\Users\Huawei\.jdks\corretto-17.0.18\bin\nio.dll
Event: 0.101 Loaded shared library C:\Users\Huawei\.jdks\corretto-17.0.18\bin\zip.dll
Event: 0.371 Loaded shared library C:\Users\Huawei\.jdks\corretto-17.0.18\bin\jimage.dll
Event: 0.374 Loaded shared library C:\Program Files\JetBrains\IntelliJ IDEA 2026.1\plugins\maven\lib\maven3\lib\jansi-native\Windows\x86_64\jansi.dll
Event: 0.429 Loaded shared library C:\Users\Huawei\.jdks\corretto-17.0.18\bin\verify.dll

Deoptimization events (20 events):
Event: 7.468 Thread 0x000001a20910a4b0 Uncommon trap: trap_request=0xffffffc6 fr.pc=0x000001a21a05d61c relative=0x00000000000006fc
Event: 7.468 Thread 0x000001a20910a4b0 Uncommon trap: reason=bimorphic_or_optimized_type_check action=maybe_recompile pc=0x000001a21a05d61c method=java.util.stream.ReferencePipeline.forEachWithCancel(Ljava/util/Spliterator;Ljava/util/stream/Sink;)Z @ 13 c2
Event: 7.468 Thread 0x000001a20910a4b0 DEOPT PACKING pc=0x000001a21a05d61c sp=0x00000023664fd670
Event: 7.468 Thread 0x000001a20910a4b0 DEOPT UNPACKING pc=0x000001a2197e69a3 sp=0x00000023664fd570 mode 2
Event: 7.469 Thread 0x000001a20910a4b0 Uncommon trap: trap_request=0xffffffc6 fr.pc=0x000001a21a05d61c relative=0x00000000000006fc
Event: 7.469 Thread 0x000001a20910a4b0 Uncommon trap: reason=bimorphic_or_optimized_type_check action=maybe_recompile pc=0x000001a21a05d61c method=java.util.stream.ReferencePipeline.forEachWithCancel(Ljava/util/Spliterator;Ljava/util/stream/Sink;)Z @ 13 c2
Event: 7.469 Thread 0x000001a20910a4b0 DEOPT PACKING pc=0x000001a21a05d61c sp=0x00000023664fd670
Event: 7.469 Thread 0x000001a20910a4b0 DEOPT UNPACKING pc=0x000001a2197e69a3 sp=0x00000023664fd570 mode 2
Event: 7.521 Thread 0x000001a20910a4b0 Uncommon trap: trap_request=0xffffffbe fr.pc=0x000001a219e2b890 relative=0x0000000000001fb0
Event: 7.521 Thread 0x000001a20910a4b0 Uncommon trap: reason=profile_predicate action=maybe_recompile pc=0x000001a219e2b890 method=java.util.TimSort.binarySort([Ljava/lang/Object;IIILjava/util/Comparator;)V @ 34 c2
Event: 7.521 Thread 0x000001a20910a4b0 DEOPT PACKING pc=0x000001a219e2b890 sp=0x00000023664fd260
Event: 7.521 Thread 0x000001a20910a4b0 DEOPT UNPACKING pc=0x000001a2197e69a3 sp=0x00000023664fd240 mode 2
Event: 7.521 Thread 0x000001a20910a4b0 Uncommon trap: trap_request=0xffffffbe fr.pc=0x000001a219e2b890 relative=0x0000000000001fb0
Event: 7.521 Thread 0x000001a20910a4b0 Uncommon trap: reason=profile_predicate action=maybe_recompile pc=0x000001a219e2b890 method=java.util.TimSort.binarySort([Ljava/lang/Object;IIILjava/util/Comparator;)V @ 34 c2
Event: 7.521 Thread 0x000001a20910a4b0 DEOPT PACKING pc=0x000001a219e2b890 sp=0x00000023664fd260
Event: 7.521 Thread 0x000001a20910a4b0 DEOPT UNPACKING pc=0x000001a2197e69a3 sp=0x00000023664fd240 mode 2
Event: 7.533 Thread 0x000001a20910a4b0 Uncommon trap: trap_request=0xffffff45 fr.pc=0x000001a219ef9b8c relative=0x000000000000220c
Event: 7.533 Thread 0x000001a20910a4b0 Uncommon trap: reason=unstable_if action=reinterpret pc=0x000001a219ef9b8c method=jdk.internal.org.objectweb.asm.Frame.execute(IILjdk/internal/org/objectweb/asm/Symbol;Ljdk/internal/org/objectweb/asm/SymbolTable;)V @ 1 c2
Event: 7.533 Thread 0x000001a20910a4b0 DEOPT PACKING pc=0x000001a219ef9b8c sp=0x00000023664fbbe0
Event: 7.533 Thread 0x000001a20910a4b0 DEOPT UNPACKING pc=0x000001a2197e69a3 sp=0x00000023664fbb88 mode 2

Classes loaded (20 events):
Event: 7.535 Loading class java/lang/ProcessHandle done
Event: 7.535 Loading class java/lang/ProcessHandleImpl done
Event: 7.538 Loading class java/util/concurrent/Executors
Event: 7.539 Loading class java/util/concurrent/Executors done
Event: 7.539 Loading class java/util/concurrent/SynchronousQueue
Event: 7.539 Loading class java/util/concurrent/SynchronousQueue done
Event: 7.539 Loading class java/util/concurrent/SynchronousQueue$TransferStack
Event: 7.540 Loading class java/util/concurrent/SynchronousQueue$Transferer
Event: 7.540 Loading class java/util/concurrent/SynchronousQueue$Transferer done
Event: 7.540 Loading class java/util/concurrent/SynchronousQueue$TransferStack done
Event: 7.540 Loading class java/util/concurrent/SynchronousQueue$TransferStack$SNode
Event: 7.540 Loading class java/util/concurrent/SynchronousQueue$TransferStack$SNode done
Event: 7.540 Loading class java/lang/ProcessImpl$2
Event: 7.540 Loading class java/lang/ProcessImpl$2 done
Event: 7.540 Loading class java/lang/Process$PipeInputStream
Event: 7.540 Loading class java/lang/Process$PipeInputStream done
Event: 7.541 Loading class jdk/internal/event/ProcessStartEvent
Event: 7.542 Loading class jdk/internal/event/ProcessStartEvent done
Event: 7.542 Loading class java/io/PipedOutputStream
Event: 7.543 Loading class java/io/PipedOutputStream done

Classes unloaded (0 events):
No events

Classes redefined (0 events):
No events

Internal exceptions (20 events):
Event: 6.491 Thread 0x000001a20910a4b0 Exception <a 'sun/nio/fs/WindowsException'{0x000000070aa15a88}> (0x000000070aa15a88) 
thrown [s\src\hotspot\share\prims\jni.cpp, line 516]
Event: 6.499 Thread 0x000001a20910a4b0 Exception <a 'sun/nio/fs/WindowsException'{0x000000070aa7e390}> (0x000000070aa7e390) 
thrown [s\src\hotspot\share\prims\jni.cpp, line 516]
Event: 6.533 Thread 0x000001a20910a4b0 Exception <a 'sun/nio/fs/WindowsException'{0x000000070a9805e8}> (0x000000070a9805e8) 
thrown [s\src\hotspot\share\prims\jni.cpp, line 516]
Event: 6.535 Thread 0x000001a20910a4b0 Exception <a 'sun/nio/fs/WindowsException'{0x000000070a9864a0}> (0x000000070a9864a0) 
thrown [s\src\hotspot\share\prims\jni.cpp, line 516]
Event: 6.541 Thread 0x000001a20910a4b0 Exception <a 'sun/nio/fs/WindowsException'{0x000000070a9c4d50}> (0x000000070a9c4d50) 
thrown [s\src\hotspot\share\prims\jni.cpp, line 516]
Event: 6.629 Thread 0x000001a20910a4b0 Exception <a 'sun/nio/fs/WindowsException'{0x000000070a253148}> (0x000000070a253148) 
thrown [s\src\hotspot\share\prims\jni.cpp, line 516]
Event: 6.641 Thread 0x000001a20910a4b0 Exception <a 'sun/nio/fs/WindowsException'{0x000000070a2b2198}> (0x000000070a2b2198) 
thrown [s\src\hotspot\share\prims\jni.cpp, line 516]
Event: 6.666 Thread 0x000001a20910a4b0 Exception <a 'sun/nio/fs/WindowsException'{0x000000070a035d88}> (0x000000070a035d88) 
thrown [s\src\hotspot\share\prims\jni.cpp, line 516]
Event: 6.670 Thread 0x000001a20910a4b0 Exception <a 'sun/nio/fs/WindowsException'{0x000000070a045f30}> (0x000000070a045f30) 
thrown [s\src\hotspot\share\prims\jni.cpp, line 516]
Event: 7.440 Thread 0x000001a20910a4b0 Exception <a 'sun/nio/fs/WindowsException'{0x00000007079759d8}> (0x00000007079759d8) 
thrown [s\src\hotspot\share\prims\jni.cpp, line 516]
Event: 7.441 Thread 0x000001a20910a4b0 Exception <a 'sun/nio/fs/WindowsException'{0x00000007079761e8}> (0x00000007079761e8) 
thrown [s\src\hotspot\share\prims\jni.cpp, line 516]
Event: 7.445 Thread 0x000001a20910a4b0 Exception <a 'sun/nio/fs/WindowsException'{0x0000000707995290}> (0x0000000707995290) 
thrown [s\src\hotspot\share\prims\jni.cpp, line 516]
Event: 7.446 Thread 0x000001a20910a4b0 Exception <a 'sun/nio/fs/WindowsException'{0x000000070799a748}> (0x000000070799a748) 
thrown [s\src\hotspot\share\prims\jni.cpp, line 516]
Event: 7.446 Thread 0x000001a20910a4b0 Exception <a 'sun/nio/fs/WindowsException'{0x000000070799b9b8}> (0x000000070799b9b8) 
thrown [s\src\hotspot\share\prims\jni.cpp, line 516]
Event: 7.446 Thread 0x000001a20910a4b0 Exception <a 'sun/nio/fs/WindowsException'{0x000000070799c6f0}> (0x000000070799c6f0) 
thrown [s\src\hotspot\share\prims\jni.cpp, line 516]
Event: 7.533 Thread 0x000001a20910a4b0 Exception <a 'java/lang/NoSuchMethodError'{0x000000071246ddc8}: 'void java.lang.invoke.DirectMethodHandle$Holder.invokeStatic(java.lang.Object, long)'> (0x000000071246ddc8) 
thrown [s\src\hotspot\share\interpreter\linkResolver.cpp, line 759]
Event: 7.534 Thread 0x000001a20910a4b0 Exception <a 'java/lang/NoSuchMethodError'{0x0000000712473418}: 'java.lang.Object java.lang.invoke.DirectMethodHandle$Holder.newInvokeSpecial(java.lang.Object, long)'> (0x0000000712473418) 
thrown [s\src\hotspot\share\interpreter\linkResolver.cpp, line 759]
Event: 7.537 Thread 0x000001a20910a4b0 Exception <a 'java/lang/NoSuchMethodError'{0x000000071247dd40}: 'java.lang.Object java.lang.invoke.DirectMethodHandle$Holder.invokeStaticInit(java.lang.Object, java.lang.Object, long, java.lang.Object)'> (0x000000071247dd40) 
thrown [s\src\hotspot\share\interpreter\linkResolver.cpp, line 759]
Event: 7.537 Thread 0x000001a20910a4b0 Exception <a 'java/lang/NoSuchMethodError'{0x0000000712484350}: 'java.lang.Object java.lang.invoke.DirectMethodHandle$Holder.newInvokeSpecial(java.lang.Object, java.lang.Object, long)'> (0x0000000712484350) 
thrown [s\src\hotspot\share\interpreter\linkResolver.cpp, line 759]
Event: 7.538 Thread 0x000001a20910a4b0 Exception <a 'java/lang/NoSuchMethodError'{0x0000000712487ec0}: 'java.lang.Object java.lang.invoke.Invokers$Holder.linkToTargetMethod(java.lang.Object, long, java.lang.Object)'> (0x0000000712487ec0) 
thrown [s\src\hotspot\share\interpreter\linkResolver.cpp, line 759]

VM Operations (20 events):
Event: 6.358 Executing VM operation: ICBufferFull
Event: 6.358 Executing VM operation: ICBufferFull done
Event: 6.507 Executing VM operation: ICBufferFull
Event: 6.507 Executing VM operation: ICBufferFull done
Event: 6.667 Executing VM operation: HandshakeAllThreads
Event: 6.667 Executing VM operation: HandshakeAllThreads done
Event: 6.669 Executing VM operation: ICBufferFull
Event: 6.669 Executing VM operation: ICBufferFull done
Event: 7.060 Executing VM operation: ICBufferFull
Event: 7.060 Executing VM operation: ICBufferFull done
Event: 7.360 Executing VM operation: HandshakeAllThreads
Event: 7.360 Executing VM operation: HandshakeAllThreads done
Event: 7.405 Executing VM operation: HandshakeAllThreads
Event: 7.405 Executing VM operation: HandshakeAllThreads done
Event: 7.425 Executing VM operation: ICBufferFull
Event: 7.425 Executing VM operation: ICBufferFull done
Event: 7.482 Executing VM operation: G1CollectForAllocation
Event: 7.499 Executing VM operation: G1CollectForAllocation done
Event: 7.541 Executing VM operation: HandshakeAllThreads
Event: 7.541 Executing VM operation: HandshakeAllThreads done

Memory protections (0 events):
No events

Nmethod flushes (20 events):
Event: 5.347 Thread 0x000001a22d7cdd60 flushing  nmethod 0x000001a212e88910
Event: 5.347 Thread 0x000001a22d7cdd60 flushing  nmethod 0x000001a212e93d90
Event: 5.347 Thread 0x000001a22d7cdd60 flushing  nmethod 0x000001a212e95590
Event: 5.348 Thread 0x000001a22d7cdd60 flushing  nmethod 0x000001a212eab290
Event: 5.348 Thread 0x000001a22d7cdd60 flushing  nmethod 0x000001a212eb9490
Event: 5.348 Thread 0x000001a22d7cdd60 flushing  nmethod 0x000001a212eb9a10
Event: 5.348 Thread 0x000001a22d7cdd60 flushing  nmethod 0x000001a212ec6d10
Event: 5.348 Thread 0x000001a22d7cdd60 flushing  nmethod 0x000001a212ec7590
Event: 5.348 Thread 0x000001a22d7cdd60 flushing  nmethod 0x000001a212ecbb10
Event: 5.348 Thread 0x000001a22d7cdd60 flushing  nmethod 0x000001a212ed0910
Event: 5.348 Thread 0x000001a22d7cdd60 flushing  nmethod 0x000001a212f1b890
Event: 5.348 Thread 0x000001a22d7cdd60 flushing  nmethod 0x000001a212f1c590
Event: 5.348 Thread 0x000001a22d7cdd60 flushing  nmethod 0x000001a212f1dc10
Event: 5.348 Thread 0x000001a22d7cdd60 flushing  nmethod 0x000001a212f20d10
Event: 5.348 Thread 0x000001a22d7cdd60 flushing  nmethod 0x000001a212f21790
Event: 5.348 Thread 0x000001a22d7cdd60 flushing  nmethod 0x000001a212f28e90
Event: 6.679 Thread 0x000001a22d7cdd60 flushing  nmethod 0x000001a212dfc690
Event: 6.680 Thread 0x000001a22d7cdd60 flushing  nmethod 0x000001a212e3fc10
Event: 6.681 Thread 0x000001a22d7cdd60 flushing  nmethod 0x000001a212f51510
Event: 6.681 Thread 0x000001a22d7cdd60 flushing  nmethod 0x000001a212f51b10

Events (20 events):
Event: 0.026 Thread 0x000001a20910a4b0 Thread added: 0x000001a22d7aead0
Event: 0.033 Thread 0x000001a20910a4b0 Thread added: 0x000001a22d7c38e0
Event: 0.033 Thread 0x000001a20910a4b0 Thread added: 0x000001a22d7c61c0
Event: 0.033 Thread 0x000001a20910a4b0 Thread added: 0x000001a22d7c6a90
Event: 0.033 Thread 0x000001a20910a4b0 Thread added: 0x000001a22d7c7360
Event: 0.033 Thread 0x000001a20910a4b0 Thread added: 0x000001a22d7c8700
Event: 0.033 Thread 0x000001a20910a4b0 Thread added: 0x000001a22d7c97b0
Event: 0.033 Thread 0x000001a20910a4b0 Thread added: 0x000001a22d7cdd60
Event: 0.046 Thread 0x000001a20910a4b0 Thread added: 0x000001a26f185050
Event: 0.049 Thread 0x000001a20910a4b0 Thread added: 0x000001a26f1c0030
Event: 0.199 Thread 0x000001a22d7c97b0 Thread added: 0x000001a26f22ffa0
Event: 0.366 Thread 0x000001a20910a4b0 Thread added: 0x000001a26f390fc0
Event: 0.431 Thread 0x000001a26f390fc0 Thread exited: 0x000001a26f390fc0
Event: 2.195 Thread 0x000001a20910a4b0 Thread added: 0x000001a274340b40
Event: 2.583 Thread 0x000001a22d7c97b0 Thread added: 0x000001a274c0ff30
Event: 3.650 Thread 0x000001a274c0ff30 Thread exited: 0x000001a274c0ff30
Event: 3.853 Thread 0x000001a26f22ffa0 Thread added: 0x000001a27488c240
Event: 7.544 Thread 0x000001a20910a4b0 Thread added: 0x000001a27434cbb0
Event: 7.544 Thread 0x000001a20910a4b0 Thread added: 0x000001a27434d0c0
Event: 7.544 Thread 0x000001a20910a4b0 Thread added: 0x000001a275d21820


Dynamic libraries:
0x00007ff697730000 - 0x00007ff69773e000 	C:\Users\Huawei\.jdks\corretto-17.0.18\bin\java.exe
0x00007ffc7ff20000 - 0x00007ffc80188000 	C:\WINDOWS\SYSTEM32\ntdll.dll
0x00007ffc3f930000 - 0x00007ffc3f950000 	C:\Program Files\Avast Software\Avast\aswhook.dll
0x00007ffc7e710000 - 0x00007ffc7e7d9000 	C:\WINDOWS\System32\KERNEL32.DLL
0x00007ffc7d810000 - 0x00007ffc7dc08000 	C:\WINDOWS\System32\KERNELBASE.dll
0x00007ffc7d690000 - 0x00007ffc7d7db000 	C:\WINDOWS\System32\ucrtbase.dll
0x00007ffc4de70000 - 0x00007ffc4de88000 	C:\Users\Huawei\.jdks\corretto-17.0.18\bin\jli.dll
0x00007ffc4ddb0000 - 0x00007ffc4ddce000 	C:\Users\Huawei\.jdks\corretto-17.0.18\bin\VCRUNTIME140.dll
0x00007ffc7eca0000 - 0x00007ffc7ee67000 	C:\WINDOWS\System32\USER32.dll
0x00007ffc7c480000 - 0x00007ffc7c714000 	C:\WINDOWS\WinSxS\amd64_microsoft.windows.common-controls_6595b64144ccf1df_6.0.26100.7019_none_3e06ffa0e335b8a8\COMCTL32.dll
0x00007ffc7d7e0000 - 0x00007ffc7d807000 	C:\WINDOWS\System32\win32u.dll
0x00007ffc7eee0000 - 0x00007ffc7ef89000 	C:\WINDOWS\System32\msvcrt.dll
0x00007ffc7f070000 - 0x00007ffc7f09b000 	C:\WINDOWS\System32\GDI32.dll
0x00007ffc7d4b0000 - 0x00007ffc7d5dc000 	C:\WINDOWS\System32\gdi32full.dll
0x00007ffc7dc10000 - 0x00007ffc7dcb3000 	C:\WINDOWS\System32\msvcp_win.dll
0x00007ffc7f800000 - 0x00007ffc7f831000 	C:\WINDOWS\System32\IMM32.DLL
0x00007ffc5da90000 - 0x00007ffc5da9c000 	C:\Users\Huawei\.jdks\corretto-17.0.18\bin\vcruntime140_1.dll
0x00007ffc0fab0000 - 0x00007ffc0fb39000 	C:\Users\Huawei\.jdks\corretto-17.0.18\bin\msvcp140.dll
0x00007ffb7cdb0000 - 0x00007ffb7da24000 	C:\Users\Huawei\.jdks\corretto-17.0.18\bin\server\jvm.dll
0x00007ffc7f640000 - 0x00007ffc7f6f4000 	C:\WINDOWS\System32\ADVAPI32.dll
0x00007ffc7f420000 - 0x00007ffc7f4c6000 	C:\WINDOWS\System32\sechost.dll
0x00007ffc7f2f0000 - 0x00007ffc7f408000 	C:\WINDOWS\System32\RPCRT4.dll
0x00007ffc7fe60000 - 0x00007ffc7fed4000 	C:\WINDOWS\System32\WS2_32.dll
0x00007ffc7ced0000 - 0x00007ffc7cf2e000 	C:\WINDOWS\SYSTEM32\POWRPROF.dll
0x00007ffc66270000 - 0x00007ffc662a5000 	C:\WINDOWS\SYSTEM32\WINMM.dll
0x00007ffc6eb40000 - 0x00007ffc6eb4b000 	C:\WINDOWS\SYSTEM32\VERSION.dll
0x00007ffc7ceb0000 - 0x00007ffc7cec4000 	C:\WINDOWS\SYSTEM32\UMPDC.dll
0x00007ffc7b500000 - 0x00007ffc7b51b000 	C:\WINDOWS\SYSTEM32\kernel.appcore.dll
0x00007ffc58660000 - 0x00007ffc5866a000 	C:\Users\Huawei\.jdks\corretto-17.0.18\bin\jimage.dll
0x00007ffc7c830000 - 0x00007ffc7ca72000 	C:\WINDOWS\SYSTEM32\DBGHELP.DLL
0x00007ffc7f860000 - 0x00007ffc7fbeb000 	C:\WINDOWS\System32\combase.dll
0x00007ffc7ef90000 - 0x00007ffc7f067000 	C:\WINDOWS\System32\OLEAUT32.dll
0x00007ffc7c720000 - 0x00007ffc7c75c000 	C:\WINDOWS\SYSTEM32\dbgcore.DLL
0x00007ffc7d5e0000 - 0x00007ffc7d685000 	C:\WINDOWS\System32\bcryptPrimitives.dll
0x00007ffc13d40000 - 0x00007ffc13d66000 	C:\Users\Huawei\.jdks\corretto-17.0.18\bin\java.dll
0x00007ffc053b0000 - 0x00007ffc05487000 	C:\Users\Huawei\.jdks\corretto-17.0.18\bin\jsvml.dll
0x00007ffc7dd40000 - 0x00007ffc7e48f000 	C:\WINDOWS\System32\SHELL32.dll
0x00007ffc7d280000 - 0x00007ffc7d3eb000 	C:\WINDOWS\System32\wintypes.dll
0x00007ffc7a390000 - 0x00007ffc7abed000 	C:\WINDOWS\SYSTEM32\windows.storage.dll
0x00007ffc7f1f0000 - 0x00007ffc7f2e2000 	C:\WINDOWS\System32\SHCORE.dll
0x00007ffc7ee70000 - 0x00007ffc7eed7000 	C:\WINDOWS\System32\shlwapi.dll
0x00007ffc7cf90000 - 0x00007ffc7cfb9000 	C:\WINDOWS\SYSTEM32\profapi.dll
0x00007ffc49160000 - 0x00007ffc4917b000 	C:\Users\Huawei\.jdks\corretto-17.0.18\bin\net.dll
0x00007ffc73720000 - 0x00007ffc73848000 	C:\WINDOWS\SYSTEM32\WINHTTP.dll
0x00007ffc7ba30000 - 0x00007ffc7ba9b000 	C:\WINDOWS\system32\mswsock.dll
0x00007ffc33860000 - 0x00007ffc33876000 	C:\Users\Huawei\.jdks\corretto-17.0.18\bin\nio.dll
0x00007ffc33800000 - 0x00007ffc33818000 	C:\Users\Huawei\.jdks\corretto-17.0.18\bin\zip.dll
0x00007ffc694e0000 - 0x00007ffc69504000 	C:\Program Files\JetBrains\IntelliJ IDEA 2026.1\plugins\maven\lib\maven3\lib\jansi-native\Windows\x86_64\jansi.dll
0x00007ffc585e0000 - 0x00007ffc585f0000 	C:\Users\Huawei\.jdks\corretto-17.0.18\bin\verify.dll

dbghelp: loaded successfully - version: 4.0.5 - missing functions: none
symbol engine: initialized successfully - sym options: 0x614 - pdb path: .;C:\Users\Huawei\.jdks\corretto-17.0.18\bin;C:\WINDOWS\SYSTEM32;C:\Program Files\Avast Software\Avast;C:\WINDOWS\WinSxS\amd64_microsoft.windows.common-controls_6595b64144ccf1df_6.0.26100.7019_none_3e06ffa0e335b8a8;C:\Users\Huawei\.jdks\corretto-17.0.18\bin\server;C:\Program Files\JetBrains\IntelliJ IDEA 2026.1\plugins\maven\lib\maven3\lib\jansi-native\Windows\x86_64

VM Arguments:
jvm_args: --enable-native-access=ALL-UNNAMED -Dfile.encoding=UTF-8 -Dclassworlds.conf=C:\Program Files\JetBrains\IntelliJ IDEA 2026.1\plugins\maven\lib\maven3\bin\m2.conf -Dmaven.home=C:\Program Files\JetBrains\IntelliJ IDEA 2026.1\plugins\maven\lib\maven3 -Dlibrary.jansi.path=C:\Program Files\JetBrains\IntelliJ IDEA 2026.1\plugins\maven\lib\maven3\lib\jansi-native -Dmaven.multiModuleProjectDirectory=C:\Users\Huawei\Downloads\Workshop_3A43\Workshop_3A43 
java_command: org.codehaus.plexus.classworlds.launcher.Launcher -Didea.version=2026.1 -Dmaven.ext.class.path=C:\Program Files\JetBrains\IntelliJ IDEA 2026.1\plugins\maven\lib\intellij.maven.rt\maven-event-listener.jar -Djansi.passthrough=true -Dstyle.color=always -Dmaven.repo.local=C:\Users\Huawei\.m2\repository org.openjfx:javafx-maven-plugin:0.0.8:run -f pom.xml
java_class_path (initial): C:\Program Files\JetBrains\IntelliJ IDEA 2026.1\plugins\maven\lib\maven3\boot\plexus-classworlds-2.9.0.jar
Launcher Type: SUN_STANDARD

[Global flags]
     intx CICompilerCount                          = 4                                         {product} {ergonomic}
     uint ConcGCThreads                            = 2                                         {product} {ergonomic}
     uint G1ConcRefinementThreads                  = 8                                         {product} {ergonomic}
   size_t G1HeapRegionSize                         = 2097152                                   {product} {ergonomic}
    uintx GCDrainStackTargetSize                   = 64                                        {product} {ergonomic}
   size_t InitialHeapSize                          = 266338304                                 {product} {ergonomic}
   size_t MarkStackSize                            = 4194304                                   {product} {ergonomic}
   size_t MaxHeapSize                              = 4253024256                                {product} {ergonomic}
   size_t MaxNewSize                               = 2550136832                                {product} {ergonomic}
   size_t MinHeapDeltaBytes                        = 2097152                                   {product} {ergonomic}
   size_t MinHeapSize                              = 8388608                                   {product} {ergonomic}
    uintx NonNMethodCodeHeapSize                   = 5839372                                {pd product} {ergonomic}
    uintx NonProfiledCodeHeapSize                  = 122909434                              {pd product} {ergonomic}
    uintx ProfiledCodeHeapSize                     = 122909434                              {pd product} {ergonomic}
    uintx ReservedCodeCacheSize                    = 251658240                              {pd product} {ergonomic}
     bool SegmentedCodeCache                       = true                                      {product} {ergonomic}
   size_t SoftMaxHeapSize                          = 4253024256                             {manageable} {ergonomic}
     bool UseCompressedClassPointers               = true                           {product lp64_product} {ergonomic}
     bool UseCompressedOops                        = true                           {product lp64_product} {ergonomic}
     bool UseG1GC                                  = true                                      {product} {ergonomic}
     bool UseLargePagesIndividualAllocation        = false                                  {pd product} {ergonomic}

Logging:
Log output configuration:
 #0: stdout all=warning uptime,level,tags
 #1: stderr all=off uptime,level,tags

Environment Variables:
JAVA_HOME=C:\Users\Huawei\.jdks\corretto-17.0.18
PATH=C:\Program Files (x86)\Common Files\Oracle\Java\javapath;C:\Program Files\Common Files\Oracle\Java\javapath;C:\WINDOWS\system32;C:\WINDOWS;C:\WINDOWS\System32\Wbem;C:\WINDOWS\System32\WindowsPowerShell\v1.0\;C:\WINDOWS\System32\OpenSSH\;C:\Program Files\NVIDIA Corporation\NVIDIA NvDLISR;C:\Program Files (x86)\NVIDIA Corporation\PhysX\Common;C:\Program Files\Java\jdk-22\bin;C:\Program Files\PuTTY\;C:\Program Files\Git\cmd;C:\Program Files\nodejs\;C:\Users\Huawei\scoop\shims;C:\Users\Huawei\AppData\Local\Programs\Python\Python313\Scripts\;C:\Users\Huawei\AppData\Local\Programs\Python\Python313\;C:\Users\Huawei\AppData\Local\Programs\Python\Launcher\;C:\Users\Huawei\AppData\Local\Microsoft\WindowsApps;C:\Users\Huawei\AppData\Local\Programs\Microsoft VS Code\bin;C:\Users\Huawei\AppData\Local\Programs\cursor\resources\app\bin;C:\xampp\php;C:\Users\Huawei\AppData\Local\ComposerSetup\bin;C:\Users\Huawei\AppData\Roaming\Composer\vendor\bin;C:\Users\Huawei\AppData\Roaming\npm;C:\Users\Huawei\AppData\Local\Programs\Antigravity\bin;C:\Users\Huawei\AppData\Local\Programs\Kiro\bin
USERNAME=Huawei
OS=Windows_NT
PROCESSOR_IDENTIFIER=Intel64 Family 6 Model 142 Stepping 12, GenuineIntel
TMP=C:\Users\Huawei\AppData\Local\Temp
TEMP=C:\Users\Huawei\AppData\Local\Temp



Periodic native trim disabled


---------------  S Y S T E M  ---------------

OS:
 Windows 11 , 64 bit Build 26100 (10.0.26100.7019)
OS uptime: 1 days 15:20 hours
Hyper-V role detected

CPU: total 8 (initial active 8) (4 cores per cpu, 2 threads per core) family 6 model 142 stepping 12 microcode 0xde, cx8, cmov, fxsr, ht, mmx, 3dnowpref, sse, sse2, sse3, ssse3, sse4.1, sse4.2, popcnt, lzcnt, tsc, tscinvbit, avx, avx2, aes, erms, clmul, bmi1, bmi2, adx, fma, vzeroupper, clflush, clflushopt, hv
Processor Information for all 8 processors :
  Max Mhz: 2304, Current Mhz: 1803, Mhz Limit: 1797

Memory: 4k page, system-wide physical 16217M (445M free)
TotalPageFile size 25186M (AvailPageFile size 319M)
current process WorkingSet (physical memory assigned to process): 286M, peak: 291M
current process commit charge ("private bytes"): 343M, peak: 407M

vm_info: OpenJDK 64-Bit Server VM (17.0.18+9-LTS) for windows-amd64 JRE (17.0.18+9-LTS), built on Jan 27 2026 22:38:43 by "Administrator" with MS VC++ 17.14 (VS2022)

END.
